Update Managed Component * From CMP-00026-00001-1[TLP2955(F)] To CMP-00026-00001-1[TLP2955(F)] in MainSheet.SchDoc
Update Managed Component * From CMP-00026-00001-1[TLP2955(F)] To CMP-00026-00001-1[TLP2955(F)] in MainSheet.SchDoc
Update Managed Component * From CMP-001-00084-2[UVR1J472MRD] To CMP-001-00084-2[UVR1J472MRD] in MainSheet.SchDoc
Update Managed Component *? From CMP-001-00084-2[UVR1J472MRD] To CMP-001-00084-2[UVR1J472MRD] in MainSheet.SchDoc
Update Managed Component *? From CMP-001-00084-2[UVR1J472MRD] To CMP-001-00084-2[UVR1J472MRD] in MainSheet.SchDoc
Update Managed Component C? From CMP-001-00083-1[C1206C104K1RACTU] To CMP-001-00083-1[C1206C104K1RACTU] in MainSheet.SchDoc
Update Managed Component C? From CMP-001-00083-1[C1206C104K1RACTU] To CMP-001-00083-1[C1206C104K1RACTU] in MainSheet.SchDoc
Update Managed Component C? From CMP-001-00083-1[C1206C104K1RACTU] To CMP-001-00083-1[C1206C104K1RACTU] in MainSheet.SchDoc
Update Managed Component D? From CMP-004-00031-1[RB021VAM90TR] To CMP-004-00031-1[RB021VAM90TR] in MainSheet.SchDoc
Update Managed Component D? From CMP-004-00031-1[RB021VAM90TR] To CMP-004-00031-1[RB021VAM90TR] in MainSheet.SchDoc
Update Managed Component D? From CMP-004-00032-1[VSSB310-M3/52T] To CMP-004-00032-1[VSSB310-M3/52T] in MainSheet.SchDoc
Update Managed Component MD? From CMP-020-00023-1[A000005] To CMP-020-00023-1[A000005] in MainSheet.SchDoc
Update Managed Component Q? From CMP-00000-4[IPB014N06NATMA1] To CMP-00000-4[IPB014N06NATMA1] in MainSheet.SchDoc
Update Managed Component Q? From CMP-00000-4[IPB014N06NATMA1] To CMP-00000-4[IPB014N06NATMA1] in MainSheet.SchDoc
Update Managed Component Q? From CMP-013-00029-6[PSMN1R0-30YLDX] To CMP-013-00029-6[PSMN1R0-30YLDX] in MainSheet.SchDoc
Update Managed Component Q? From CMP-013-00029-6[PSMN1R0-30YLDX] To CMP-013-00029-6[PSMN1R0-30YLDX] in MainSheet.SchDoc
Update Managed Component R? From CMP-009-00177-1[CRGP1206F1K0] To CMP-009-00177-1[CRGP1206F1K0] in MainSheet.SchDoc
Update Managed Component R? From CMP-009-00177-1[CRGP1206F1K0] To CMP-009-00177-1[CRGP1206F1K0] in MainSheet.SchDoc
Update Managed Component R? From CMP-009-00177-1[CRGP1206F1K0] To CMP-009-00177-1[CRGP1206F1K0] in MainSheet.SchDoc
Update Managed Component U* From CMP-00024-00007-1[LTC7004EMSE#PBF] To CMP-00024-00007-1[LTC7004EMSE#PBF] in MainSheet.SchDoc
Update Managed Component U? From CMP-00024-00006-3[LM5104MX] To CMP-00024-00006-3[LM5104MX] in MainSheet.SchDoc
Update Managed Component U? From CMP-010-00024-1[ACS770LCB-050U-PFF-T] To CMP-010-00024-1[ACS770LCB-050U-PFF-T] in MainSheet.SchDoc
