
Starting the DC solver at Fri Jan 16 16:59:16 2026
Creating the DC design
..parsing the options file 
..using NUMBER_OF_PROCESSORS = 12
..parsing the layout file 
..parsing the stimulus file 
..extracting the connectivity 
..extracting the substrate 
Initializing electric analysis
Electric analysis
..loading the electric component models
..electric matrix size: 153549
..loading the electric matrix equation
..solving the electric matrix equation
.........|.........|.........|.........|
..max voltage: 29.3908
..writing the output files
Electric N-port analysis
..number of ports: 3
..loading the electric component models
..electric matrix size: 153549
..loading the electric matrix equation
..solving the electric matrix equation
.........|.........|.........|.........|
..writing the model file
DC solver resources
..elapsed time: 5.2 s
..user time: 13.6 s
..physical memory: 290 MB
..virtual memory: 347 MB

