Started on Mon Jan  5 14:47:59 2026

emprvem: v1.0.0
Invoking vmesh...
FEM_VMESH v2.152.55

Generating DC mesh

Building Model







Building Surface Mesh

 Checking face descriptors

 Checking face descriptors

Generating Solver Files

Generated: 

  144556 mesh elements



Invoking VemEngine...


Starting the DC solver at Mon Jan  5 14:48:06 2026

Creating the DC design

..parsing the options file 

..using NUMBER_OF_PROCESSORS = 12

..parsing the layout file 

..parsing the stimulus file 

..extracting the connectivity 

..extracting the substrate 

Initializing electric analysis

Electric analysis

..loading the electric component models

..electric matrix size: 192155

..loading the electric matrix equation

..solving the electric matrix equation

.........|.........|.........|.........|

..max voltage: 29.3936

..writing the output files

Electric N-port analysis

..number of ports: 4

..loading the electric component models

..electric matrix size: 192155

..loading the electric matrix equation

..solving the electric matrix equation

.........|.........|.........|.........|

..writing the model file

ERROR: Failed to solve the matrix equation, matrix is singular.

DC solver resources

..elapsed time: 6.4 s

..user time: 18.7 s

..physical memory: 369 MB

..virtual memory: 432 MB



Finished on Mon Jan  5 14:48:13 2026

Total Elapsed Time : 13.8243s


