Change Component Designator: OldDesignator=C? NewDesignator=C1
Change Component Designator: OldDesignator=C? NewDesignator=C2
Change Component Designator: OldDesignator=C? NewDesignator=C3
Change Component Designator: OldDesignator=C? NewDesignator=C4
Change Component Designator: OldDesignator=C? NewDesignator=C5
Change Component Designator: OldDesignator=C? NewDesignator=C6
Change Component Designator: OldDesignator=C? NewDesignator=C7
Change Component Designator: OldDesignator=C? NewDesignator=C8
Change Component Designator: OldDesignator=C? NewDesignator=C9
Change Component Designator: OldDesignator=C? NewDesignator=C10
Change Component Designator: OldDesignator=C? NewDesignator=C11
Change Component Designator: OldDesignator=C? NewDesignator=C12
Change Component Designator: OldDesignator=C? NewDesignator=C13
Change Component Designator: OldDesignator=C? NewDesignator=C14
Change Component Designator: OldDesignator=C? NewDesignator=C15
Change Component Designator: OldDesignator=C? NewDesignator=C16
Change Component Designator: OldDesignator=C? NewDesignator=C17
Change Component Designator: OldDesignator=C? NewDesignator=C18
Change Component Designator: OldDesignator=C? NewDesignator=C19
Change Component Designator: OldDesignator=C? NewDesignator=C20
Change Component Designator: OldDesignator=C? NewDesignator=C21
Change Component Designator: OldDesignator=C? NewDesignator=C22
Change Component Designator: OldDesignator=C? NewDesignator=C23
Change Component Designator: OldDesignator=C? NewDesignator=C24
Change Component Designator: OldDesignator=C? NewDesignator=C25
Change Component Designator: OldDesignator=C? NewDesignator=C26
Change Component Designator: OldDesignator=C? NewDesignator=C27
Change Component Designator: OldDesignator=C? NewDesignator=C28
Change Component Designator: OldDesignator=C? NewDesignator=C29
Change Component Designator: OldDesignator=C? NewDesignator=C30
Change Component Designator: OldDesignator=C? NewDesignator=C31
Change Component Designator: OldDesignator=C? NewDesignator=C32
Change Component Designator: OldDesignator=C? NewDesignator=C33
Change Component Designator: OldDesignator=C? NewDesignator=C34
Change Component Designator: OldDesignator=C? NewDesignator=C35
Change Component Designator: OldDesignator=C? NewDesignator=C36
Change Component Designator: OldDesignator=C? NewDesignator=C37
Change Component Designator: OldDesignator=C? NewDesignator=C38
Change Component Designator: OldDesignator=C? NewDesignator=C39
Change Component Designator: OldDesignator=C? NewDesignator=C40
Change Component Designator: OldDesignator=C? NewDesignator=C41
Change Component Designator: OldDesignator=C? NewDesignator=C42
Change Component Designator: OldDesignator=C? NewDesignator=C43
Change Component Designator: OldDesignator=C? NewDesignator=C44
Change Component Designator: OldDesignator=C? NewDesignator=C45
Change Component Designator: OldDesignator=C? NewDesignator=C46
Change Component Designator: OldDesignator=C? NewDesignator=C47
Change Component Designator: OldDesignator=C? NewDesignator=C48
Change Component Designator: OldDesignator=C? NewDesignator=C49
Change Component Designator: OldDesignator=C? NewDesignator=C50
Change Component Designator: OldDesignator=C? NewDesignator=C51
Change Component Designator: OldDesignator=C? NewDesignator=C52
Change Component Designator: OldDesignator=C? NewDesignator=C53
Change Component Designator: OldDesignator=C? NewDesignator=C54
Change Component Designator: OldDesignator=C? NewDesignator=C55
Change Component Designator: OldDesignator=C? NewDesignator=C56
Change Component Designator: OldDesignator=C? NewDesignator=C57
Change Component Designator: OldDesignator=C? NewDesignator=C58
Change Component Designator: OldDesignator=C? NewDesignator=C59
Change Component Designator: OldDesignator=C? NewDesignator=C60
Change Component Designator: OldDesignator=C? NewDesignator=C61
Change Component Designator: OldDesignator=C? NewDesignator=C62
Change Component Designator: OldDesignator=C? NewDesignator=C63
Change Component Designator: OldDesignator=C? NewDesignator=C64
Change Component Designator: OldDesignator=C? NewDesignator=C65
Change Component Designator: OldDesignator=MP1 NewDesignator=MP2
Change Component Designator: OldDesignator=MP2 NewDesignator=MP1
Change Component Designator: OldDesignator=Q? NewDesignator=Q1
Change Component Designator: OldDesignator=U? NewDesignator=U2
Change Component Designator: OldDesignator=U? NewDesignator=U3
Change Net Name : Old Net Name=NetMP1_1 New Net Name=NetMP2_1
Change Net Name : Old Net Name=NetQ?_1 New Net Name=NetQ1_1
Change Net Name : Old Net Name=NetQ?_6 New Net Name=NetQ1_6
Change Net Name : Old Net Name=NetQ?_8 New Net Name=NetQ1_8
Added Member To Class: ClassName=Power_Stage Member=Component C1 GCM32EC71H106KA03L
Added Member To Class: ClassName=Power_Stage Member=Component C2 GCM32EC71H106KA03L
Added Member To Class: ClassName=Power_Stage Member=Component C3 GCM32EC71H106KA03L
Added Member To Class: ClassName=Power_Stage Member=Component C4 GCM32EC71H106KA03L
Added Member To Class: ClassName=Power_Stage Member=Component C5 GCM32EC71H106KA03L
Added Member To Class: ClassName=Power_Stage Member=Component C6 GCM32EC71H106KA03L
Added Member To Class: ClassName=Power_Stage Member=Component C7 GCM32EC71H106KA03L
Added Member To Class: ClassName=Power_Stage Member=Component C8 GCM32EC71H106KA03L
Added Member To Class: ClassName=Power_Stage Member=Component C9 GCM32EC71H106KA03L
Added Member To Class: ClassName=Power_Stage Member=Component C10 GCM32EC71H106KA03L
Added Member To Class: ClassName=Power_Stage Member=Component C11 GCM32EC71H106KA03L
Added Member To Class: ClassName=Power_Stage Member=Component C12 GCM32EC71H106KA03L
Added Member To Class: ClassName=Power_Stage Member=Component C13 GCM32EC71H106KA03L
Added Member To Class: ClassName=Power_Stage Member=Component C14 GCM32EC71H106KA03L
Added Member To Class: ClassName=Power_Stage Member=Component C15 GCM32EC71H106KA03L
Added Member To Class: ClassName=Power_Stage Member=Component C16 GCM32EC71H106KA03L
Added Member To Class: ClassName=Power_Stage Member=Component C17 GCM32EC71H106KA03L
Added Member To Class: ClassName=Power_Stage Member=Component C18 GCM32EC71H106KA03L
Added Member To Class: ClassName=Power_Stage Member=Component C19 GCM32EC71H106KA03L
Added Member To Class: ClassName=Power_Stage Member=Component C20 GCM32EC71H106KA03L
Added Member To Class: ClassName=Power_Stage Member=Component C21 GCM32EC71H106KA03L
Added Member To Class: ClassName=Power_Stage Member=Component C22 GCM32EC71H106KA03L
Added Member To Class: ClassName=Power_Stage Member=Component C23 GCM32EC71H106KA03L
Added Member To Class: ClassName=Power_Stage Member=Component C24 GCM32EC71H106KA03L
Added Member To Class: ClassName=Power_Stage Member=Component C25 C1206C104K1RACTU
Added Member To Class: ClassName=Power_Stage Member=Component C26 GCM32EC71H106KA03L
Added Member To Class: ClassName=Power_Stage Member=Component C27 GCM32EC71H106KA03L
Added Member To Class: ClassName=Power_Stage Member=Component C28 GCM32EC71H106KA03L
Added Member To Class: ClassName=Power_Stage Member=Component C29 GCM32EC71H106KA03L
Added Member To Class: ClassName=Power_Stage Member=Component C30 GCM32EC71H106KA03L
Added Member To Class: ClassName=Power_Stage Member=Component C31 GCM32EC71H106KA03L
Added Member To Class: ClassName=Power_Stage Member=Component C32 GCM32EC71H106KA03L
Added Member To Class: ClassName=Power_Stage Member=Component C33 GCM32EC71H106KA03L
Added Member To Class: ClassName=Power_Stage Member=Component C34 GCM32EC71H106KA03L
Added Member To Class: ClassName=Power_Stage Member=Component C35 GCM32EC71H106KA03L
Added Member To Class: ClassName=Power_Stage Member=Component C36 GCM32EC71H106KA03L
Added Member To Class: ClassName=Power_Stage Member=Component C37 GCM32EC71H106KA03L
Added Member To Class: ClassName=Power_Stage Member=Component C38 GCM32EC71H106KA03L
Added Member To Class: ClassName=Power_Stage Member=Component C39 GCM32EC71H106KA03L
Added Member To Class: ClassName=Power_Stage Member=Component C40 GCM32EC71H106KA03L
Added Member To Class: ClassName=Power_Stage Member=Component C41 GCM32EC71H106KA03L
Added Member To Class: ClassName=Power_Stage Member=Component C42 GCM32EC71H106KA03L
Added Member To Class: ClassName=Power_Stage Member=Component C43 GCM32EC71H106KA03L
Added Member To Class: ClassName=Power_Stage Member=Component C44 GCM32EC71H106KA03L
Added Member To Class: ClassName=Power_Stage Member=Component C45 GCM32EC71H106KA03L
Added Member To Class: ClassName=Power_Stage Member=Component C46 GCM32EC71H106KA03L
Added Member To Class: ClassName=Power_Stage Member=Component C47 GCM32EC71H106KA03L
Added Member To Class: ClassName=Power_Stage Member=Component C48 GCM32EC71H106KA03L
Added Member To Class: ClassName=Power_Stage Member=Component C49 GCM32EC71H106KA03L
Added Member To Class: ClassName=Power_Stage Member=Component C50 GCM32EC71H106KA03L
Added Member To Class: ClassName=Power_Stage Member=Component C51 GCM32EC71H106KA03L
Added Member To Class: ClassName=Power_Stage Member=Component C52 GCM32EC71H106KA03L
Added Member To Class: ClassName=Power_Stage Member=Component C53 GCM32EC71H106KA03L
Added Member To Class: ClassName=Power_Stage Member=Component C54 GCM32EC71H106KA03L
Added Member To Class: ClassName=Power_Stage Member=Component C55 GCM32EC71H106KA03L
Added Member To Class: ClassName=Power_Stage Member=Component C56 GCM32EC71H106KA03L
Added Member To Class: ClassName=Power_Stage Member=Component C57 GCM32EC71H106KA03L
Added Member To Class: ClassName=Power_Stage Member=Component C59 GCM32EC71H106KA03L
Added Member To Class: ClassName=Power_Stage Member=Component C60 GCM32EC71H106KA03L
Added Member To Class: ClassName=Power_Stage Member=Component C61 GCM32EC71H106KA03L
Added Member To Class: ClassName=Power_Stage Member=Component C62 GCM32EC71H106KA03L
Added Member To Class: ClassName=Power_Stage Member=Component C63 GCM32EC71H106KA03L
Added Member To Class: ClassName=Power_Stage Member=Component C64 GCM32EC71H106KA03L
Added Member To Class: ClassName=Power_Stage Member=Component C65 GCM32EC71H106KA03L
Added Member To Class: ClassName=Power_Stage Member=Component U2 LTC7063RMSE#PBF
